[35m[1mConsolidate compiler generated dependencies of target fireforce[0m
[ 12%] Built target frame_transforms
[ 25%] Built target vehicle_gps_position_listener
[ 37%] Built target sensor_combined_listener
[ 50%] Built target debug_vect_advertiser
[ 56%] [32mBuilding CXX object CMakeFiles/fireforce.dir/src/app/fireforce/fireforce.cpp.o[0m
[ 68%] Built target offboard_control
[ 81%] Built target offboard_control_srv
[ 93%] Built target reconnaissance
[ 93%] Built target ament_cmake_python_copy_px4_ros_com
running egg_info
writing px4_ros_com.egg-info/PKG-INFO
writing dependency_links to px4_ros_com.egg-info/dependency_links.txt
writing top-level names to px4_ros_com.egg-info/top_level.txt
reading manifest file 'px4_ros_com.egg-info/SOURCES.txt'
writing manifest file 'px4_ros_com.egg-info/SOURCES.txt'
[ 93%] Built target ament_cmake_python_build_px4_ros_com_egg
[01m[K/home/lohitoburrito/uav_app/src/px4_ros_com/src/app/fireforce/fireforce.cpp:[m[K In member function â€˜[01m[Kvoid UAVCommand::run_mission()[m[Kâ€™:
[01m[K/home/lohitoburrito/uav_app/src/px4_ros_com/src/app/fireforce/fireforce.cpp:361:78:[m[K [01;35m[Kwarning: [m[Kthis statement may fall through [[01;35m[K]8;;https://gcc.gnu.org/onlinedocs/gcc/Warning-Options.html#index-Wimplicit-fallthrough=-Wimplicit-fallthrough=]8;;[m[K]
  361 |             std::cout << "Disp Y: " << radius * std::sin(target_rad) << std::[01;35m[Kendl[m[K;
      |                                                                              [01;35m[K^~~~[m[K
[01m[K/home/lohitoburrito/uav_app/src/px4_ros_com/src/app/fireforce/fireforce.cpp:366:9:[m[K [01;36m[Knote: [m[Khere
  366 |         [01;36m[Kcase[m[K 0:
      |         [01;36m[K^~~~[m[K
gmake[2]: *** [CMakeFiles/fireforce.dir/build.make:76: CMakeFiles/fireforce.dir/src/app/fireforce/fireforce.cpp.o] Interrupt
gmake[1]: *** [CMakeFiles/Makefile2:336: CMakeFiles/fireforce.dir/all] Interrupt
gmake: *** [Makefile:146: all] Interrupt
