-- Found ament_cmake: 1.3.11 (/opt/ros/humble/share/ament_cmake/cmake)
-- Found builtin_interfaces: 1.2.1 (/opt/ros/humble/share/builtin_interfaces/cmake)
-- Found rosidl_generator_c: 3.1.6 (/opt/ros/humble/share/rosidl_generator_c/cmake)
-- Found rosidl_adapter: 3.1.6 (/opt/ros/humble/share/rosidl_adapter/cmake)
-- Found rosidl_generator_cpp: 3.1.6 (/opt/ros/humble/share/rosidl_generator_cpp/cmake)
-- Using all available rosidl_typesupport_c: rosidl_typesupport_fastrtps_c;rosidl_typesupport_introspection_c
-- Using all available rosidl_typesupport_cpp: rosidl_typesupport_fastrtps_cpp;rosidl_typesupport_introspection_cpp
-- Found eigen3_cmake_module: 0.1.1 (/opt/ros/humble/share/eigen3_cmake_module/cmake)
-- Found geometry_msgs: 4.2.4 (/opt/ros/humble/share/geometry_msgs/cmake)
-- Found px4_msgs: 2.0.1 (/home/lohitoburrito/uav_app/install/px4_msgs/share/px4_msgs/cmake)
-- Found rclcpp: 16.0.11 (/opt/ros/humble/share/rclcpp/cmake)
-- Found rmw_implementation_cmake: 6.1.2 (/opt/ros/humble/share/rmw_implementation_cmake/cmake)
-- Found rmw_fastrtps_cpp: 6.2.7 (/opt/ros/humble/share/rmw_fastrtps_cpp/cmake)
-- Using RMW implementation 'rmw_fastrtps_cpp' as default
-- Found sensor_msgs: 4.2.4 (/opt/ros/humble/share/sensor_msgs/cmake)
-- Found rclpy: 3.3.15 (/opt/ros/humble/share/rclpy/cmake)
-- Found cv_bridge: 3.2.1 (/opt/ros/humble/share/cv_bridge/cmake)
-- Found ament_lint_auto: 0.12.11 (/opt/ros/humble/share/ament_lint_auto/cmake)
-- Added test 'copyright' to check source files copyright and LICENSE
-- Added test 'cppcheck' to perform static code analysis on C / C++ code
-- Configured cppcheck include dirs: /home/lohitoburrito/uav_app/src/px4_ros_com/include;$<BUILD_INTERFACE:/home/lohitoburrito/uav_app/src/px4_ros_com/include/px4_ros_com>
-- Configured cppcheck exclude dirs and/or files: 
-- Added test 'cpplint' to check C / C++ code against the Google style
-- Configured cpplint exclude dirs and/or files: 
-- Added test 'flake8' to check Python code syntax and style conventions
-- Added test 'lint_cmake' to check CMake code style
-- Added test 'pep257' to check Python code against some of the docstring style conventions in PEP 257
-- Added test 'uncrustify' to check C / C++ code style
-- Configured uncrustify additional arguments: 
-- Added test 'xmllint' to check XML markup files
-- Configuring done
-- Generating done
-- Build files have been written to: /home/lohitoburrito/uav_app/build/px4_ros_com
[35m[1mConsolidate compiler generated dependencies of target sensor_combined_listener[0m
[35m[1mConsolidate compiler generated dependencies of target debug_vect_advertiser[0m
[35m[1mConsolidate compiler generated dependencies of target offboard_control_srv[0m
[35m[1mConsolidate compiler generated dependencies of target offboard_control[0m
[35m[1mConsolidate compiler generated dependencies of target vehicle_gps_position_listener[0m
[35m[1mConsolidate compiler generated dependencies of target reconnaissance[0m
[  6%] [32mBuilding CXX object CMakeFiles/fireforce.dir/src/app/fireforce/fireforce.cpp.o[0m
[35m[1mConsolidate compiler generated dependencies of target frame_transforms[0m
[ 18%] Built target offboard_control_srv
[ 31%] Built target debug_vect_advertiser
[ 56%] Built target sensor_combined_listener
[ 56%] Built target vehicle_gps_position_listener
[ 68%] Built target offboard_control
[ 87%] Built target frame_transforms
[ 93%] Built target reconnaissance
[ 93%] Built target ament_cmake_python_copy_px4_ros_com
running egg_info
writing px4_ros_com.egg-info/PKG-INFO
writing dependency_links to px4_ros_com.egg-info/dependency_links.txt
writing top-level names to px4_ros_com.egg-info/top_level.txt
reading manifest file 'px4_ros_com.egg-info/SOURCES.txt'
writing manifest file 'px4_ros_com.egg-info/SOURCES.txt'
[ 93%] Built target ament_cmake_python_build_px4_ros_com_egg
[01m[K/home/lohitoburrito/uav_app/src/px4_ros_com/src/app/fireforce/fireforce.cpp:[m[K In constructor â€˜[01m[KUAVCommand::UAVCommand()[m[Kâ€™:
[01m[K/home/lohitoburrito/uav_app/src/px4_ros_com/src/app/fireforce/fireforce.cpp:119:5:[m[K [01;31m[Kerror: [m[Kâ€˜[01m[Kvehicle_attitude_subscriber[m[Kâ€™ was not declared in this scope
  119 |     [01;31m[Kvehicle_attitude_subscriber[m[K = this->create_subscription<VehicleAttitude>(
      |     [01;31m[K^~~~~~~~~~~~~~~~~~~~~~~~~~~[m[K
[01m[K/home/lohitoburrito/uav_app/src/px4_ros_com/src/app/fireforce/fireforce.cpp:122:32:[m[K [01;31m[Kerror: [m[Kâ€˜[01m[Kread_vehicle_attitude[m[Kâ€™ is not a member of â€˜[01m[KUAVCommand[m[Kâ€™
  122 |         std::bind(&UAVCommand::[01;31m[Kread_vehicle_attitude[m[K, this, std::placeholders::_1)
      |                                [01;31m[K^~~~~~~~~~~~~~~~~~~~~[m[K
[01m[K/home/lohitoburrito/uav_app/src/px4_ros_com/src/app/fireforce/fireforce.cpp:[m[K In member function â€˜[01m[Kvoid UAVCommand::read_camera_image_raw(sensor_msgs::msg::Image_<std::allocator<void> >::SharedPtr)[m[Kâ€™:
[01m[K/home/lohitoburrito/uav_app/src/px4_ros_com/src/app/fireforce/fireforce.cpp:231:46:[m[K [01;31m[Kerror: [m[Kno matching function for call to â€˜[01m[KUAVCommand::publish_offboard_control_mode(bool, bool)[m[Kâ€™
  231 |                 [01;31m[Kpublish_offboard_control_mode(true, false)[m[K;
      |                 [01;31m[K~~~~~~~~~~~~~~~~~~~~~~~~~~~~~^~~~~~~~~~~~~[m[K
[01m[K/home/lohitoburrito/uav_app/src/px4_ros_com/src/app/fireforce/fireforce.cpp:42:14:[m[K [01;36m[Knote: [m[Kcandidate: â€˜[01m[Kvoid UAVCommand::publish_offboard_control_mode()[m[Kâ€™
   42 |         void [01;36m[Kpublish_offboard_control_mode[m[K();
      |              [01;36m[K^~~~~~~~~~~~~~~~~~~~~~~~~~~~~[m[K
[01m[K/home/lohitoburrito/uav_app/src/px4_ros_com/src/app/fireforce/fireforce.cpp:42:14:[m[K [01;36m[Knote: [m[K  candidate expects 0 arguments, 2 provided
[01m[K/home/lohitoburrito/uav_app/src/px4_ros_com/src/app/fireforce/fireforce.cpp:[m[K At global scope:
[01m[K/home/lohitoburrito/uav_app/src/px4_ros_com/src/app/fireforce/fireforce.cpp:255:6:[m[K [01;31m[Kerror: [m[Kno declaration matches â€˜[01m[Kvoid UAVCommand::publish_offboard_control_mode(bool, bool)[m[Kâ€™
  255 | void [01;31m[KUAVCommand[m[K::publish_offboard_control_mode(bool pos, bool vel) {
      |      [01;31m[K^~~~~~~~~~[m[K
[01m[K/home/lohitoburrito/uav_app/src/px4_ros_com/src/app/fireforce/fireforce.cpp:42:14:[m[K [01;36m[Knote: [m[Kcandidate is: â€˜[01m[Kvoid UAVCommand::publish_offboard_control_mode()[m[Kâ€™
   42 |         void [01;36m[Kpublish_offboard_control_mode[m[K();
      |              [01;36m[K^~~~~~~~~~~~~~~~~~~~~~~~~~~~~[m[K
[01m[K/home/lohitoburrito/uav_app/src/px4_ros_com/src/app/fireforce/fireforce.cpp:30:7:[m[K [01;36m[Knote: [m[Kâ€˜[01m[Kclass UAVCommand[m[Kâ€™ defined here
   30 | class [01;36m[KUAVCommand[m[K : public rclcpp::Node
      |       [01;36m[K^~~~~~~~~~[m[K
[01m[K/home/lohitoburrito/uav_app/src/px4_ros_com/src/app/fireforce/fireforce.cpp:[m[K In member function â€˜[01m[Kvoid UAVCommand::run_mission()[m[Kâ€™:
[01m[K/home/lohitoburrito/uav_app/src/px4_ros_com/src/app/fireforce/fireforce.cpp:389:34:[m[K [01;31m[Kerror: [m[Kno matching function for call to â€˜[01m[KUAVCommand::publish_offboard_control_mode(bool, bool)[m[Kâ€™
  389 |     [01;31m[Kpublish_offboard_control_mode(true, false)[m[K;
      |     [01;31m[K~~~~~~~~~~~~~~~~~~~~~~~~~~~~~^~~~~~~~~~~~~[m[K
[01m[K/home/lohitoburrito/uav_app/src/px4_ros_com/src/app/fireforce/fireforce.cpp:42:14:[m[K [01;36m[Knote: [m[Kcandidate: â€˜[01m[Kvoid UAVCommand::publish_offboard_control_mode()[m[Kâ€™
   42 |         void [01;36m[Kpublish_offboard_control_mode[m[K();
      |              [01;36m[K^~~~~~~~~~~~~~~~~~~~~~~~~~~~~[m[K
[01m[K/home/lohitoburrito/uav_app/src/px4_ros_com/src/app/fireforce/fireforce.cpp:42:14:[m[K [01;36m[Knote: [m[K  candidate expects 0 arguments, 2 provided
gmake[2]: *** [CMakeFiles/fireforce.dir/build.make:76: CMakeFiles/fireforce.dir/src/app/fireforce/fireforce.cpp.o] Error 1
gmake[1]: *** [CMakeFiles/Makefile2:336: CMakeFiles/fireforce.dir/all] Error 2
gmake: *** [Makefile:146: all] Error 2
