[35m[1mConsolidate compiler generated dependencies of target fireforce[0m
[ 12%] Built target frame_transforms
[ 25%] Built target sensor_combined_listener
[ 37%] Built target debug_vect_advertiser
[ 50%] Built target reconnaissance
[ 62%] Built target vehicle_gps_position_listener
[ 75%] Built target offboard_control
[ 87%] Built target offboard_control_srv
[ 93%] [32mBuilding CXX object CMakeFiles/fireforce.dir/src/app/fireforce/fireforce.cpp.o[0m
[ 93%] Built target ament_cmake_python_copy_px4_ros_com
running egg_info
writing px4_ros_com.egg-info/PKG-INFO
writing dependency_links to px4_ros_com.egg-info/dependency_links.txt
writing top-level names to px4_ros_com.egg-info/top_level.txt
reading manifest file 'px4_ros_com.egg-info/SOURCES.txt'
writing manifest file 'px4_ros_com.egg-info/SOURCES.txt'
[ 93%] Built target ament_cmake_python_build_px4_ros_com_egg
In file included from [01m[K/home/lohitoburrito/uav_app/src/px4_ros_com/src/app/fireforce/fireforce.cpp:21[m[K:
[01m[K/home/lohitoburrito/uav_app/src/px4_ros_com/src/app/fireforce/fireforce.cpp:[m[K In member function â€˜[01m[Kvoid UAVCommand::read_camera_image_raw(sensor_msgs::msg::Image_<std::allocator<void> >::SharedPtr)[m[Kâ€™:
[01m[K/home/lohitoburrito/uav_app/src/px4_ros_com/src/app/fireforce/fireforce.cpp:263:58:[m[K [01;31m[Kerror: [m[Kinvalid use of non-static member function â€˜[01m[Ksize_t UAVCommand::read_callback(void*, size_t, size_t, void*)[m[Kâ€™
  263 |             curl_easy_setopt(curl, CURLOPT_READFUNCTION, [01;31m[Kread_callback[m[K);
      |                                                          [01;31m[K^~~~~~~~~~~~~[m[K
[01m[K/home/lohitoburrito/uav_app/src/px4_ros_com/src/app/fireforce/fireforce.cpp:170:8:[m[K [01;36m[Knote: [m[Kdeclared here
  170 | size_t [01;36m[KUAVCommand[m[K::read_callback(void *ptr, size_t size, size_t nmemb, void *stream) {
      |        [01;36m[K^~~~~~~~~~[m[K
gmake[2]: *** [CMakeFiles/fireforce.dir/build.make:76: CMakeFiles/fireforce.dir/src/app/fireforce/fireforce.cpp.o] Error 1
gmake[1]: *** [CMakeFiles/Makefile2:336: CMakeFiles/fireforce.dir/all] Error 2
gmake: *** [Makefile:146: all] Error 2
