[01m[K/home/lohitoburrito/uav_app/src/px4_ros_com/src/app/fireforce/fireforce.cpp:[m[K In member function â€˜[01m[Kvoid HTTPServer::post_frame()[m[Kâ€™:
[01m[K/home/lohitoburrito/uav_app/src/px4_ros_com/src/app/fireforce/fireforce.cpp:149:23:[m[K [01;31m[Kerror: [m[Kexpected â€˜[01m[K;[m[Kâ€™ before â€˜[01m[Kstd[m[Kâ€™
  149 |             print_data
      |                       [01;31m[K^[m[K
      |                       [32m[K;[m[K
  150 | 
  151 |             [32m[Kstd[m[K::fstream file("/home/lohitoburrito/uav_app/src/px4_ros_com/src/app/fireforce/data/data.txt", std::ios::in | std::ios::out | std::ios::trunc);
      |             [32m[K~~~[m[K        
[01m[K/home/lohitoburrito/uav_app/src/px4_ros_com/src/app/fireforce/fireforce.cpp:149:13:[m[K [01;31m[Kerror: [m[Kinvalid use of non-static member function â€˜[01m[Kvoid HTTPServer::print_data()[m[Kâ€™
  149 |             [01;31m[Kprint_data[m[K
      |             [01;31m[K^~~~~~~~~~[m[K
[01m[K/home/lohitoburrito/uav_app/src/px4_ros_com/src/app/fireforce/fireforce.cpp:49:14:[m[K [01;36m[Knote: [m[Kdeclared here
   49 |         void [01;36m[Kprint_data[m[K();
      |              [01;36m[K^~~~~~~~~~[m[K
[01m[K/home/lohitoburrito/uav_app/src/px4_ros_com/src/app/fireforce/fireforce.cpp:152:18:[m[K [01;31m[Kerror: [m[Kâ€˜[01m[Kfile[m[Kâ€™ was not declared in this scope
  152 |             if (![01;31m[Kfile[m[K) {
      |                  [01;31m[K^~~~[m[K
[01m[K/home/lohitoburrito/uav_app/src/px4_ros_com/src/app/fireforce/fireforce.cpp:157:13:[m[K [01;31m[Kerror: [m[Kâ€˜[01m[Kfile[m[Kâ€™ was not declared in this scope
  157 |             [01;31m[Kfile[m[K << std::to_string(sensor_msg.roll) + "\n";
      |             [01;31m[K^~~~[m[K
gmake[2]: *** [CMakeFiles/fireforce.dir/build.make:76: CMakeFiles/fireforce.dir/src/app/fireforce/fireforce.cpp.o] Error 1
gmake[1]: *** [CMakeFiles/Makefile2:336: CMakeFiles/fireforce.dir/all] Error 2
gmake: *** [Makefile:146: all] Error 2
