[35m[1mConsolidate compiler generated dependencies of target fireforce[0m
[ 12%] Built target sensor_combined_listener
[ 25%] Built target debug_vect_advertiser
[ 37%] Built target frame_transforms
[ 50%] Built target offboard_control
[ 62%] Built target vehicle_gps_position_listener
[ 81%] [32mBuilding CXX object CMakeFiles/fireforce.dir/src/app/fireforce/fireforce.cpp.o[0m
[ 81%] Built target offboard_control_srv
[ 93%] Built target reconnaissance
[ 93%] Built target ament_cmake_python_copy_px4_ros_com
running egg_info
writing px4_ros_com.egg-info/PKG-INFO
writing dependency_links to px4_ros_com.egg-info/dependency_links.txt
writing top-level names to px4_ros_com.egg-info/top_level.txt
reading manifest file 'px4_ros_com.egg-info/SOURCES.txt'
writing manifest file 'px4_ros_com.egg-info/SOURCES.txt'
[ 93%] Built target ament_cmake_python_build_px4_ros_com_egg
[01m[K/home/lohitoburrito/uav_app/src/px4_ros_com/src/app/fireforce/fireforce.cpp:[m[K In member function â€˜[01m[Kvoid UAVCommand::read_camera_image_raw(sensor_msgs::msg::Image_<std::allocator<void> >::SharedPtr)[m[Kâ€™:
[01m[K/home/lohitoburrito/uav_app/src/px4_ros_com/src/app/fireforce/fireforce.cpp:275:5:[m[K [01;31m[Kerror: [m[Kexpected â€˜[01m[Kcatch[m[Kâ€™ before â€˜[01m[K}[m[Kâ€™ token
  275 |     [01;31m[K}[m[K catch (cv_bridge::Exception& e) {
      |     [01;31m[K^[m[K
[01m[K/home/lohitoburrito/uav_app/src/px4_ros_com/src/app/fireforce/fireforce.cpp:275:5:[m[K [01;31m[Kerror: [m[Kexpected â€˜[01m[K([m[Kâ€™ before â€˜[01m[K}[m[Kâ€™ token
  275 |     [01;31m[K}[m[K catch (cv_bridge::Exception& e) {
      |     [01;31m[K^[m[K
      |     [32m[K([m[K
[01m[K/home/lohitoburrito/uav_app/src/px4_ros_com/src/app/fireforce/fireforce.cpp:275:5:[m[K [01;31m[Kerror: [m[Kexpected type-specifier before â€˜[01m[K}[m[Kâ€™ token
[01m[K/home/lohitoburrito/uav_app/src/px4_ros_com/src/app/fireforce/fireforce.cpp:273:6:[m[K [01;31m[Kerror: [m[Kexpected â€˜[01m[K)[m[Kâ€™ before â€˜[01m[K}[m[Kâ€™ token
  273 |     }
      |      [01;31m[K^[m[K
      |      [32m[K)[m[K
  274 | 
  275 |     [32m[K}[m[K catch (cv_bridge::Exception& e) {
      |     [32m[K~[m[K 
[01m[K/home/lohitoburrito/uav_app/src/px4_ros_com/src/app/fireforce/fireforce.cpp:275:5:[m[K [01;31m[Kerror: [m[Kexpected â€˜[01m[K{[m[Kâ€™ before â€˜[01m[K}[m[Kâ€™ token
  275 |     [01;31m[K}[m[K catch (cv_bridge::Exception& e) {
      |     [01;31m[K^[m[K
[01m[K/home/lohitoburrito/uav_app/src/px4_ros_com/src/app/fireforce/fireforce.cpp:[m[K At global scope:
[01m[K/home/lohitoburrito/uav_app/src/px4_ros_com/src/app/fireforce/fireforce.cpp:275:7:[m[K [01;31m[Kerror: [m[Kexpected unqualified-id before â€˜[01m[Kcatch[m[Kâ€™
  275 |     } [01;31m[Kcatch[m[K (cv_bridge::Exception& e) {
      |       [01;31m[K^~~~~[m[K
[01m[K/home/lohitoburrito/uav_app/src/px4_ros_com/src/app/fireforce/fireforce.cpp:280:1:[m[K [01;31m[Kerror: [m[Kexpected declaration before â€˜[01m[K}[m[Kâ€™ token
  280 | [01;31m[K}[m[K
      | [01;31m[K^[m[K
gmake[2]: *** [CMakeFiles/fireforce.dir/build.make:76: CMakeFiles/fireforce.dir/src/app/fireforce/fireforce.cpp.o] Error 1
gmake[1]: *** [CMakeFiles/Makefile2:336: CMakeFiles/fireforce.dir/all] Error 2
gmake: *** [Makefile:146: all] Error 2
