[35m[1mConsolidate compiler generated dependencies of target fireforce[0m
[ 12%] Built target offboard_control
[ 25%] Built target debug_vect_advertiser
[ 31%] [32mBuilding CXX object CMakeFiles/fireforce.dir/src/app/fireforce/fireforce.cpp.o[0m
[ 43%] Built target offboard_control_srv
[ 56%] Built target reconnaissance
[ 68%] Built target sensor_combined_listener
[ 81%] Built target vehicle_gps_position_listener
[ 93%] Built target frame_transforms
[ 93%] Built target ament_cmake_python_copy_px4_ros_com
running egg_info
writing px4_ros_com.egg-info/PKG-INFO
writing dependency_links to px4_ros_com.egg-info/dependency_links.txt
writing top-level names to px4_ros_com.egg-info/top_level.txt
reading manifest file 'px4_ros_com.egg-info/SOURCES.txt'
writing manifest file 'px4_ros_com.egg-info/SOURCES.txt'
[ 93%] Built target ament_cmake_python_build_px4_ros_com_egg
[01m[K/home/lohitoburrito/uav_app/src/px4_ros_com/src/app/fireforce/fireforce.cpp:[m[K In member function â€˜[01m[Kvoid UAVCommand::read_camera_image_raw(sensor_msgs::msg::Image_<std::allocator<void> >::SharedPtr)[m[Kâ€™:
[01m[K/home/lohitoburrito/uav_app/src/px4_ros_com/src/app/fireforce/fireforce.cpp:246:13:[m[K [01;31m[Kerror: [m[Kâ€˜[01m[Kimage_cnt_down[m[Kâ€™ was not declared in this scope
  246 |         if ([01;31m[Kimage_cnt_down[m[K == 0) {
      |             [01;31m[K^~~~~~~~~~~~~~[m[K
gmake[2]: *** [CMakeFiles/fireforce.dir/build.make:76: CMakeFiles/fireforce.dir/src/app/fireforce/fireforce.cpp.o] Error 1
gmake[1]: *** [CMakeFiles/Makefile2:336: CMakeFiles/fireforce.dir/all] Error 2
gmake: *** [Makefile:146: all] Error 2
