[01m[K/home/lohitoburrito/uav_app/src/px4_ros_com/src/app/fireforce/fireforce.cpp:107:21:[m[K [01;31m[Kerror: [m[Kâ€˜[01m[Kstd::thread UAVCommand::post_frame[m[Kâ€™ conflicts with a previous declaration
  107 |         std::thread [01;31m[Kpost_frame[m[K;
      |                     [01;31m[K^~~~~~~~~~[m[K
[01m[K/home/lohitoburrito/uav_app/src/px4_ros_com/src/app/fireforce/fireforce.cpp:59:14:[m[K [01;36m[Knote: [m[Kprevious declaration â€˜[01m[Kvoid UAVCommand::post_frame()[m[Kâ€™
   59 |         void [01;36m[Kpost_frame[m[K();
      |              [01;36m[K^~~~~~~~~~[m[K
[01m[K/home/lohitoburrito/uav_app/src/px4_ros_com/src/app/fireforce/fireforce.cpp:[m[K In constructor â€˜[01m[KUAVCommand::UAVCommand()[m[Kâ€™:
[01m[K/home/lohitoburrito/uav_app/src/px4_ros_com/src/app/fireforce/fireforce.cpp:154:43:[m[K [01;31m[Kerror: [m[Kâ€˜[01m[KpostFrame[m[Kâ€™ is not a member of â€˜[01m[KUAVCommand[m[Kâ€™
  154 |     post_frame = std::thread(&UAVCommand::[01;31m[KpostFrame[m[K, this);
      |                                           [01;31m[K^~~~~~~~~[m[K
In file included from [01m[K/home/lohitoburrito/uav_app/src/px4_ros_com/src/app/fireforce/fireforce.cpp:21[m[K:
[01m[K/home/lohitoburrito/uav_app/src/px4_ros_com/src/app/fireforce/fireforce.cpp:[m[K In member function â€˜[01m[Kvoid UAVCommand::post_frame()[m[Kâ€™:
[01m[K/home/lohitoburrito/uav_app/src/px4_ros_com/src/app/fireforce/fireforce.cpp:178:58:[m[K [01;31m[Kerror: [m[Kâ€˜[01m[Kread_callback[m[Kâ€™ was not declared in this scope; did you mean â€˜[01m[Kcurl_read_callback[m[Kâ€™?
  178 |             curl_easy_setopt(curl, CURLOPT_READFUNCTION, [01;31m[Kread_callback[m[K);
      |                                                          [01;31m[K^~~~~~~~~~~~~[m[K
[01m[K/home/lohitoburrito/uav_app/src/px4_ros_com/src/app/fireforce/fireforce.cpp:[m[K At global scope:
[01m[K/home/lohitoburrito/uav_app/src/px4_ros_com/src/app/fireforce/fireforce.cpp:211:15:[m[K [01;35m[Kwarning: [m[Kâ€˜[01m[Ksize_t read_callback(void*, size_t, size_t, void*)[m[Kâ€™ defined but not used [[01;35m[K]8;;https://gcc.gnu.org/onlinedocs/gcc/Warning-Options.html#index-Wunused-function-Wunused-function]8;;[m[K]
  211 | static size_t [01;35m[Kread_callback[m[K(void *ptr, size_t size, size_t nmemb, void *stream) {
      |               [01;35m[K^~~~~~~~~~~~~[m[K
gmake[2]: *** [CMakeFiles/fireforce.dir/build.make:76: CMakeFiles/fireforce.dir/src/app/fireforce/fireforce.cpp.o] Error 1
gmake[1]: *** [CMakeFiles/Makefile2:336: CMakeFiles/fireforce.dir/all] Error 2
gmake: *** [Makefile:146: all] Error 2
