[35m[1mConsolidate compiler generated dependencies of target fireforce[0m
[ 12%] Built target sensor_combined_listener
[ 25%] Built target frame_transforms
[ 37%] Built target offboard_control_srv
[ 50%] Built target vehicle_gps_position_listener
[ 62%] Built target offboard_control
[ 75%] Built target debug_vect_advertiser
[ 87%] Built target reconnaissance
[ 93%] [32mBuilding CXX object CMakeFiles/fireforce.dir/src/app/fireforce/fireforce.cpp.o[0m
[ 93%] Built target ament_cmake_python_copy_px4_ros_com
running egg_info
writing px4_ros_com.egg-info/PKG-INFO
writing dependency_links to px4_ros_com.egg-info/dependency_links.txt
writing top-level names to px4_ros_com.egg-info/top_level.txt
reading manifest file 'px4_ros_com.egg-info/SOURCES.txt'
writing manifest file 'px4_ros_com.egg-info/SOURCES.txt'
[ 93%] Built target ament_cmake_python_build_px4_ros_com_egg
[01m[K/home/lohitoburrito/uav_app/src/px4_ros_com/src/app/fireforce/fireforce.cpp:[m[K In constructor â€˜[01m[KUAVCommand::UAVCommand()[m[Kâ€™:
[01m[K/home/lohitoburrito/uav_app/src/px4_ros_com/src/app/fireforce/fireforce.cpp:119:5:[m[K [01;31m[Kerror: [m[Kâ€˜[01m[Kvehicle_attitude_subscriber[m[Kâ€™ was not declared in this scope
  119 |     [01;31m[Kvehicle_attitude_subscriber[m[K = this->create_subscription<VehicleAttitude>(
      |     [01;31m[K^~~~~~~~~~~~~~~~~~~~~~~~~~~[m[K
[01m[K/home/lohitoburrito/uav_app/src/px4_ros_com/src/app/fireforce/fireforce.cpp:122:32:[m[K [01;31m[Kerror: [m[Kâ€˜[01m[Kread_vehicle_attitude[m[Kâ€™ is not a member of â€˜[01m[KUAVCommand[m[Kâ€™
  122 |         std::bind(&UAVCommand::[01;31m[Kread_vehicle_attitude[m[K, this, std::placeholders::_1)
      |                                [01;31m[K^~~~~~~~~~~~~~~~~~~~~[m[K
gmake[2]: *** [CMakeFiles/fireforce.dir/build.make:76: CMakeFiles/fireforce.dir/src/app/fireforce/fireforce.cpp.o] Error 1
gmake[1]: *** [CMakeFiles/Makefile2:336: CMakeFiles/fireforce.dir/all] Error 2
gmake: *** [Makefile:146: all] Error 2
