[0.380s] Invoking command in '/home/lohitoburrito/uav_app/build/px4_ros_com': CMAKE_PREFIX_PATH=/home/lohitoburrito/uav_app/install/px4_msgs:/home/lohitoburrito/uav_app/install/px4_ros_com:/opt/ros/humble LD_LIBRARY_PATH=/home/lohitoburrito/uav_app/install/px4_msgs/lib:/home/lohitoburrito/uav_app/install/px4_ros_com/lib:/usr/lib/x86_64-linux-gnu/gazebo-11/plugins:/opt/ros/humble/opt/rviz_ogre_vendor/lib:/opt/ros/humble/lib/x86_64-linux-gnu:/opt/ros/humble/lib /usr/bin/cmake --build /home/lohitoburrito/uav_app/build/px4_ros_com -- -j8 -l8
[0.475s] [35m[1mConsolidate compiler generated dependencies of target fireforce[0m
[0.485s] [ 12%] Built target frame_transforms
[0.493s] [ 25%] Built target debug_vect_advertiser
[0.504s] [ 37%] Built target offboard_control
[0.515s] [ 50%] Built target vehicle_gps_position_listener
[0.519s] [ 62%] Built target offboard_control_srv
[0.520s] [ 75%] Built target sensor_combined_listener
[0.520s] [ 81%] [32mBuilding CXX object CMakeFiles/fireforce.dir/src/app/fireforce/fireforce.cpp.o[0m
[0.533s] [ 93%] Built target reconnaissance
[0.561s] [ 93%] Built target ament_cmake_python_copy_px4_ros_com
[1.131s] running egg_info
[1.175s] writing px4_ros_com.egg-info/PKG-INFO
[1.178s] writing dependency_links to px4_ros_com.egg-info/dependency_links.txt
[1.182s] writing top-level names to px4_ros_com.egg-info/top_level.txt
[1.315s] reading manifest file 'px4_ros_com.egg-info/SOURCES.txt'
[1.319s] writing manifest file 'px4_ros_com.egg-info/SOURCES.txt'
[1.401s] [ 93%] Built target ament_cmake_python_build_px4_ros_com_egg
[9.429s] [01m[K/home/lohitoburrito/uav_app/src/px4_ros_com/src/app/fireforce/fireforce.cpp:35:1:[m[K [01;31m[Kerror: [m[Knew types may not be defined in a return type
[9.429s]    35 | [01;31m[Kclass[m[K HTTPServer : public rclcpp::Node {
[9.429s]       | [01;31m[K^~~~~[m[K
[9.429s] [01m[K/home/lohitoburrito/uav_app/src/px4_ros_com/src/app/fireforce/fireforce.cpp:35:1:[m[K [01;36m[Knote: [m[K(perhaps a semicolon is missing after the definition of â€˜[01m[KHTTPServer[m[Kâ€™)
[9.429s] [01m[K/home/lohitoburrito/uav_app/src/px4_ros_com/src/app/fireforce/fireforce.cpp:35:1:[m[K [01;31m[Kerror: [m[Kreturn type specification for constructor invalid
[9.432s] [01m[K/home/lohitoburrito/uav_app/src/px4_ros_com/src/app/fireforce/fireforce.cpp:[m[K In constructor â€˜[01m[KHTTPServer::HTTPServer()[m[Kâ€™:
[9.432s] [01m[K/home/lohitoburrito/uav_app/src/px4_ros_com/src/app/fireforce/fireforce.cpp:46:24:[m[K [01;31m[Kerror: [m[Kno matching function for call to â€˜[01m[Krclcpp::Node::Node()[m[Kâ€™
[9.432s]    46 | HTTPServer::HTTPServer([01;31m[K)[m[K {
[9.432s]       |                        [01;31m[K^[m[K
[9.432s] In file included from [01m[K/opt/ros/humble/include/rclcpp/rclcpp/executors/single_threaded_executor.hpp:28[m[K,
[9.433s]                  from [01m[K/opt/ros/humble/include/rclcpp/rclcpp/executors.hpp:22[m[K,
[9.433s]                  from [01m[K/opt/ros/humble/include/rclcpp/rclcpp/rclcpp.hpp:155[m[K,
[9.433s]                  from [01m[K/home/lohitoburrito/uav_app/src/px4_ros_com/src/app/fireforce/fireforce.cpp:9[m[K:
[9.433s] [01m[K/opt/ros/humble/include/rclcpp/rclcpp/node.hpp:1294:3:[m[K [01;36m[Knote: [m[Kcandidate: â€˜[01m[Krclcpp::Node::Node(const rclcpp::Node&, const string&)[m[Kâ€™
[9.433s]  1294 |   [01;36m[KNode[m[K(
[9.434s]       |   [01;36m[K^~~~[m[K
[9.434s] [01m[K/opt/ros/humble/include/rclcpp/rclcpp/node.hpp:1294:3:[m[K [01;36m[Knote: [m[K  candidate expects 2 arguments, 0 provided
[9.434s] [01m[K/opt/ros/humble/include/rclcpp/rclcpp/node.hpp:101:12:[m[K [01;36m[Knote: [m[Kcandidate: â€˜[01m[Krclcpp::Node::Node(const string&, const string&, const rclcpp::NodeOptions&)[m[Kâ€™
[9.434s]   101 |   explicit [01;36m[KNode[m[K(
[9.434s]       |            [01;36m[K^~~~[m[K
[9.434s] [01m[K/opt/ros/humble/include/rclcpp/rclcpp/node.hpp:101:12:[m[K [01;36m[Knote: [m[K  candidate expects 3 arguments, 0 provided
[9.435s] [01m[K/opt/ros/humble/include/rclcpp/rclcpp/node.hpp:89:12:[m[K [01;36m[Knote: [m[Kcandidate: â€˜[01m[Krclcpp::Node::Node(const string&, const rclcpp::NodeOptions&)[m[Kâ€™
[9.435s]    89 |   explicit [01;36m[KNode[m[K(
[9.435s]       |            [01;36m[K^~~~[m[K
[9.435s] [01m[K/opt/ros/humble/include/rclcpp/rclcpp/node.hpp:89:12:[m[K [01;36m[Knote: [m[K  candidate expects 2 arguments, 0 provided
[9.475s] [01m[K/home/lohitoburrito/uav_app/src/px4_ros_com/src/app/fireforce/fireforce.cpp:[m[K In member function â€˜[01m[Kvoid HTTPServer::post_frame()[m[Kâ€™:
[9.476s] [01m[K/home/lohitoburrito/uav_app/src/px4_ros_com/src/app/fireforce/fireforce.cpp:66:5:[m[K [01;31m[Kerror: [m[Kâ€˜[01m[Kcurl[m[Kâ€™ was not declared in this scope
[9.476s]    66 |     [01;31m[Kcurl[m[K = curl_easy_init();
[9.476s]       |     [01;31m[K^~~~[m[K
[9.494s] [01m[K/home/lohitoburrito/uav_app/src/px4_ros_com/src/app/fireforce/fireforce.cpp:78:9:[m[K [01;31m[Kerror: [m[Kâ€˜[01m[Kres[m[Kâ€™ was not declared in this scope
[9.494s]    78 |         [01;31m[Kres[m[K = curl_easy_perform(curl);
[9.494s]       |         [01;31m[K^~~[m[K
[23.738s] gmake[2]: *** [CMakeFiles/fireforce.dir/build.make:76: CMakeFiles/fireforce.dir/src/app/fireforce/fireforce.cpp.o] Error 1
[23.738s] gmake[1]: *** [CMakeFiles/Makefile2:336: CMakeFiles/fireforce.dir/all] Error 2
[23.739s] gmake: *** [Makefile:146: all] Error 2
[23.742s] Invoked command in '/home/lohitoburrito/uav_app/build/px4_ros_com' returned '2': CMAKE_PREFIX_PATH=/home/lohitoburrito/uav_app/install/px4_msgs:/home/lohitoburrito/uav_app/install/px4_ros_com:/opt/ros/humble LD_LIBRARY_PATH=/home/lohitoburrito/uav_app/install/px4_msgs/lib:/home/lohitoburrito/uav_app/install/px4_ros_com/lib:/usr/lib/x86_64-linux-gnu/gazebo-11/plugins:/opt/ros/humble/opt/rviz_ogre_vendor/lib:/opt/ros/humble/lib/x86_64-linux-gnu:/opt/ros/humble/lib /usr/bin/cmake --build /home/lohitoburrito/uav_app/build/px4_ros_com -- -j8 -l8
