[0.336s] Invoking command in '/home/lohitoburrito/uav_app/build/px4_ros_com': CMAKE_PREFIX_PATH=/home/lohitoburrito/uav_app/install/px4_msgs:/home/lohitoburrito/uav_app/install/px4_ros_com:/opt/ros/humble LD_LIBRARY_PATH=/home/lohitoburrito/uav_app/install/px4_msgs/lib:/home/lohitoburrito/uav_app/install/px4_ros_com/lib:/usr/lib/x86_64-linux-gnu/gazebo-11/plugins:/opt/ros/humble/opt/rviz_ogre_vendor/lib:/opt/ros/humble/lib/x86_64-linux-gnu:/opt/ros/humble/lib /usr/bin/cmake --build /home/lohitoburrito/uav_app/build/px4_ros_com -- -j8 -l8
[0.413s] [35m[1mConsolidate compiler generated dependencies of target fireforce[0m
[0.431s] [ 12%] Built target frame_transforms
[0.437s] [ 25%] Built target sensor_combined_listener
[0.438s] [ 37%] Built target reconnaissance
[0.438s] [ 50%] Built target offboard_control_srv
[0.441s] [ 62%] Built target offboard_control
[0.441s] [ 75%] Built target debug_vect_advertiser
[0.445s] [ 87%] Built target vehicle_gps_position_listener
[0.445s] [ 93%] [32mBuilding CXX object CMakeFiles/fireforce.dir/src/app/fireforce/fireforce.cpp.o[0m
[0.484s] [ 93%] Built target ament_cmake_python_copy_px4_ros_com
[0.867s] running egg_info
[0.901s] writing px4_ros_com.egg-info/PKG-INFO
[0.902s] writing dependency_links to px4_ros_com.egg-info/dependency_links.txt
[0.902s] writing top-level names to px4_ros_com.egg-info/top_level.txt
[0.981s] reading manifest file 'px4_ros_com.egg-info/SOURCES.txt'
[0.984s] writing manifest file 'px4_ros_com.egg-info/SOURCES.txt'
[1.060s] [ 93%] Built target ament_cmake_python_build_px4_ros_com_egg
[7.098s] In file included from [01m[K/home/lohitoburrito/uav_app/src/px4_ros_com/src/app/fireforce/fireforce.cpp:21[m[K:
[7.099s] [01m[K/home/lohitoburrito/uav_app/src/px4_ros_com/src/app/fireforce/fireforce.cpp:[m[K In member function â€˜[01m[Kvoid UAVCommand::post_frame()[m[Kâ€™:
[7.099s] [01m[K/home/lohitoburrito/uav_app/src/px4_ros_com/src/app/fireforce/fireforce.cpp:178:58:[m[K [01;31m[Kerror: [m[Kâ€˜[01m[Kread_callback[m[Kâ€™ was not declared in this scope; did you mean â€˜[01m[Kcurl_read_callback[m[Kâ€™?
[7.099s]   178 |             curl_easy_setopt(curl, CURLOPT_READFUNCTION, [01;31m[Kread_callback[m[K);
[7.099s]       |                                                          [01;31m[K^~~~~~~~~~~~~[m[K
[16.776s] [01m[K/home/lohitoburrito/uav_app/src/px4_ros_com/src/app/fireforce/fireforce.cpp:[m[K At global scope:
[16.776s] [01m[K/home/lohitoburrito/uav_app/src/px4_ros_com/src/app/fireforce/fireforce.cpp:211:15:[m[K [01;35m[Kwarning: [m[Kâ€˜[01m[Ksize_t read_callback(void*, size_t, size_t, void*)[m[Kâ€™ defined but not used [[01;35m[K]8;;https://gcc.gnu.org/onlinedocs/gcc/Warning-Options.html#index-Wunused-function-Wunused-function]8;;[m[K]
[16.776s]   211 | static size_t [01;35m[Kread_callback[m[K(void *ptr, size_t size, size_t nmemb, void *stream) {
[16.776s]       |               [01;35m[K^~~~~~~~~~~~~[m[K
[16.826s] gmake[2]: *** [CMakeFiles/fireforce.dir/build.make:76: CMakeFiles/fireforce.dir/src/app/fireforce/fireforce.cpp.o] Error 1
[16.826s] gmake[1]: *** [CMakeFiles/Makefile2:336: CMakeFiles/fireforce.dir/all] Error 2
[16.826s] gmake: *** [Makefile:146: all] Error 2
[16.830s] Invoked command in '/home/lohitoburrito/uav_app/build/px4_ros_com' returned '2': CMAKE_PREFIX_PATH=/home/lohitoburrito/uav_app/install/px4_msgs:/home/lohitoburrito/uav_app/install/px4_ros_com:/opt/ros/humble LD_LIBRARY_PATH=/home/lohitoburrito/uav_app/install/px4_msgs/lib:/home/lohitoburrito/uav_app/install/px4_ros_com/lib:/usr/lib/x86_64-linux-gnu/gazebo-11/plugins:/opt/ros/humble/opt/rviz_ogre_vendor/lib:/opt/ros/humble/lib/x86_64-linux-gnu:/opt/ros/humble/lib /usr/bin/cmake --build /home/lohitoburrito/uav_app/build/px4_ros_com -- -j8 -l8
