[35m[1mConsolidate compiler generated dependencies of target fireforce[0m
[ 12%] Built target offboard_control
[ 25%] Built target frame_transforms
[ 37%] Built target debug_vect_advertiser
[ 50%] Built target sensor_combined_listener
[ 62%] Built target vehicle_gps_position_listener
[ 68%] [32mBuilding CXX object CMakeFiles/fireforce.dir/src/app/fireforce/fireforce.cpp.o[0m
[ 81%] Built target reconnaissance
[ 93%] Built target offboard_control_srv
[ 93%] Built target ament_cmake_python_copy_px4_ros_com
running egg_info
writing px4_ros_com.egg-info/PKG-INFO
writing dependency_links to px4_ros_com.egg-info/dependency_links.txt
writing top-level names to px4_ros_com.egg-info/top_level.txt
reading manifest file 'px4_ros_com.egg-info/SOURCES.txt'
writing manifest file 'px4_ros_com.egg-info/SOURCES.txt'
[ 93%] Built target ament_cmake_python_build_px4_ros_com_egg
[01m[K/home/lohitoburrito/uav_app/src/px4_ros_com/src/app/fireforce/fireforce.cpp:170:91:[m[K [01;31m[Kerror: [m[Kcannot declare member function â€˜[01m[Kstatic size_t UAVCommand::read_callback(void*, size_t, size_t, void*)[m[Kâ€™ to have static linkage [[01;31m[K]8;;https://gcc.gnu.org/onlinedocs/gcc/Warning-Options.html#index-fpermissive-fpermissive]8;;[m[K]
  170 | static size_t UAVCommand::read_callback(void *ptr, size_t size, size_t nmemb, void *stream[01;31m[K)[m[K {
      |                                                                                           [01;31m[K^[m[K
gmake[2]: *** [CMakeFiles/fireforce.dir/build.make:76: CMakeFiles/fireforce.dir/src/app/fireforce/fireforce.cpp.o] Error 1
gmake[1]: *** [CMakeFiles/Makefile2:336: CMakeFiles/fireforce.dir/all] Error 2
gmake: *** [Makefile:146: all] Error 2
