[ 37%] Built target sensor_combined_listener
[ 37%] Built target vehicle_gps_position_listener
[ 37%] Built target frame_transforms
[ 50%] Built target debug_vect_advertiser
[35m[1mConsolidate compiler generated dependencies of target fireforce[0m
[ 62%] Built target offboard_control
[ 75%] Built target reconnaissance
[ 87%] Built target offboard_control_srv
[ 87%] Built target ament_cmake_python_copy_px4_ros_com
[ 93%] [32mBuilding CXX object CMakeFiles/fireforce.dir/src/app/fireforce/fireforce.cpp.o[0m
running egg_info
writing px4_ros_com.egg-info/PKG-INFO
writing dependency_links to px4_ros_com.egg-info/dependency_links.txt
writing top-level names to px4_ros_com.egg-info/top_level.txt
reading manifest file 'px4_ros_com.egg-info/SOURCES.txt'
writing manifest file 'px4_ros_com.egg-info/SOURCES.txt'
[ 93%] Built target ament_cmake_python_build_px4_ros_com_egg
[01m[K/home/lohitoburrito/uav_app/src/px4_ros_com/src/app/fireforce/fireforce.cpp:[m[K In member function â€˜[01m[Kvoid HTTPServer::post_frame()[m[Kâ€™:
[01m[K/home/lohitoburrito/uav_app/src/px4_ros_com/src/app/fireforce/fireforce.cpp:149:23:[m[K [01;31m[Kerror: [m[Kexpected â€˜[01m[K;[m[Kâ€™ before â€˜[01m[Kstd[m[Kâ€™
  149 |             print_data
      |                       [01;31m[K^[m[K
      |                       [32m[K;[m[K
  150 | 
  151 |             [32m[Kstd[m[K::fstream file("/home/lohitoburrito/uav_app/src/px4_ros_com/src/app/fireforce/data/data.txt", std::ios::in | std::ios::out | std::ios::trunc);
      |             [32m[K~~~[m[K        
[01m[K/home/lohitoburrito/uav_app/src/px4_ros_com/src/app/fireforce/fireforce.cpp:149:13:[m[K [01;31m[Kerror: [m[Kinvalid use of non-static member function â€˜[01m[Kvoid HTTPServer::print_data()[m[Kâ€™
  149 |             [01;31m[Kprint_data[m[K
      |             [01;31m[K^~~~~~~~~~[m[K
[01m[K/home/lohitoburrito/uav_app/src/px4_ros_com/src/app/fireforce/fireforce.cpp:49:14:[m[K [01;36m[Knote: [m[Kdeclared here
   49 |         void [01;36m[Kprint_data[m[K();
      |              [01;36m[K^~~~~~~~~~[m[K
[01m[K/home/lohitoburrito/uav_app/src/px4_ros_com/src/app/fireforce/fireforce.cpp:152:18:[m[K [01;31m[Kerror: [m[Kâ€˜[01m[Kfile[m[Kâ€™ was not declared in this scope
  152 |             if (![01;31m[Kfile[m[K) {
      |                  [01;31m[K^~~~[m[K
[01m[K/home/lohitoburrito/uav_app/src/px4_ros_com/src/app/fireforce/fireforce.cpp:157:13:[m[K [01;31m[Kerror: [m[Kâ€˜[01m[Kfile[m[Kâ€™ was not declared in this scope
  157 |             [01;31m[Kfile[m[K << std::to_string(sensor_msg.roll) + "\n";
      |             [01;31m[K^~~~[m[K
gmake[2]: *** [CMakeFiles/fireforce.dir/build.make:76: CMakeFiles/fireforce.dir/src/app/fireforce/fireforce.cpp.o] Error 1
gmake[1]: *** [CMakeFiles/Makefile2:336: CMakeFiles/fireforce.dir/all] Error 2
gmake: *** [Makefile:146: all] Error 2
